2025-12-09 15:28:51 [restartedMain] INFO  o.j.m.MicroAdversarialSearchApplication - Starting MicroAdversarialSearchApplication using Java 21.0.9 with PID 14129 (/home/javier/Repos/micro-adversarial-search/target/classes started by javier in /home/javier/Repos/micro-adversarial-search)
2025-12-09 15:28:51 [restartedMain] DEBUG o.j.m.MicroAdversarialSearchApplication - Running with Spring Boot v3.5.5, Spring v6.2.10
2025-12-09 15:28:51 [restartedMain] INFO  o.j.m.MicroAdversarialSearchApplication - No active profile set, falling back to 1 default profile: "default"
2025-12-09 15:28:55 [restartedMain] WARN  org.hibernate.orm.deprecation - HHH90000025: H2Dialect does not need to be specified explicitly using 'hibernate.dialect' (remove the property setting and it will be selected by default)
2025-12-09 15:28:56 [restartedMain] WARN  o.s.b.a.o.j.JpaBaseConfiguration$JpaWebConfiguration - spring.jpa.open-in-view is enabled by default. Therefore, database queries may be performed during view rendering. Explicitly configure spring.jpa.open-in-view to disable this warning
2025-12-09 15:28:56 [restartedMain] INFO  o.j.m.MicroAdversarialSearchApplication - Started MicroAdversarialSearchApplication in 5.559 seconds (process running for 6.267)
2025-12-09 15:30:30 [http-nio-8080-exec-2] DEBUG o.j.m.aspect.LoggerAspect - Propiedades mundo: Mundo{movimiento=Movimiento{tablero=[ 0, 0, 0 ]
[ 0, 1, 0 ]
[ 0, 0, 0 ]
, pos=Posición{fila=1, columna=1}}, juego='3enRaya', dificultad=2, profundidad=9, marca=1, turno=2, esMaquina=true}
2025-12-09 15:37:31 [http-nio-8080-exec-4] DEBUG o.j.m.aspect.LoggerAspect - Propiedades mundo: Mundo{movimiento=Movimiento{tablero=[ 0, 0, 0 ]
[ 0, 0, 0 ]
[ 0, 0, 1 ]
, pos=Posición{fila=2, columna=2}}, juego='3enRaya', dificultad=2, profundidad=9, marca=1, turno=2, esMaquina=true}
2025-12-09 15:37:56 [http-nio-8080-exec-6] DEBUG o.j.m.aspect.LoggerAspect - Propiedades mundo: Mundo{movimiento=Movimiento{tablero=[ 1, -1, 2, -1, 4, -1, 6, -1 ]
[ -1, 11, -1, 13, -1, 15, -1, 17 ]
[ 20, -1, 22, -1, 24, -1, 26, -1 ]
[ -1, 0, -1, 0, -1, 0, -1, 0 ]
[ 0, -1, 0, -1, 53, -1, 0, -1 ]
[ -1, 51, -1, 0, -1, 55, -1, 57 ]
[ 60, -1, 62, -1, 64, -1, 66, -1 ]
[ -1, 71, -1, 73, -1, 75, -1, 77 ]
, pos=Posición{fila=4, columna=4}}, juego='3enRaya', dificultad=2, profundidad=4, marca=1, turno=2, esMaquina=true}
2025-12-09 15:44:54 [restartedMain] INFO  o.j.m.MicroAdversarialSearchApplication - Starting MicroAdversarialSearchApplication using Java 21.0.9 with PID 23805 (/home/javier/Repos/micro-adversarial-search/target/classes started by javier in /home/javier/Repos/micro-adversarial-search)
2025-12-09 15:44:54 [restartedMain] DEBUG o.j.m.MicroAdversarialSearchApplication - Running with Spring Boot v3.5.5, Spring v6.2.10
2025-12-09 15:44:54 [restartedMain] INFO  o.j.m.MicroAdversarialSearchApplication - No active profile set, falling back to 1 default profile: "default"
2025-12-09 15:44:56 [restartedMain] WARN  org.hibernate.orm.deprecation - HHH90000025: H2Dialect does not need to be specified explicitly using 'hibernate.dialect' (remove the property setting and it will be selected by default)
2025-12-09 15:44:57 [restartedMain] WARN  o.s.b.a.o.j.JpaBaseConfiguration$JpaWebConfiguration - spring.jpa.open-in-view is enabled by default. Therefore, database queries may be performed during view rendering. Explicitly configure spring.jpa.open-in-view to disable this warning
2025-12-09 15:44:58 [restartedMain] INFO  o.j.m.MicroAdversarialSearchApplication - Started MicroAdversarialSearchApplication in 3.941 seconds (process running for 4.429)
2025-12-09 15:45:11 [http-nio-8080-exec-1] DEBUG o.j.m.aspect.LoggerAspect - Propiedades mundo: Mundo{movimiento=Movimiento{tablero=[ 1, -1, 2, -1, 4, -1, 6, -1 ]
[ -1, 11, -1, 13, -1, 15, -1, 17 ]
[ 20, -1, 22, -1, 24, -1, 26, -1 ]
[ -1, 0, -1, 0, -1, 0, -1, 0 ]
[ 51, -1, 0, -1, 0, -1, 0, -1 ]
[ -1, 0, -1, 53, -1, 55, -1, 57 ]
[ 60, -1, 62, -1, 64, -1, 66, -1 ]
[ -1, 71, -1, 73, -1, 75, -1, 77 ]
, pos=Posición{fila=4, columna=0}}, juego='3enRaya', dificultad=2, profundidad=4, marca=1, turno=2, esMaquina=true}
2025-12-09 15:48:19 [restartedMain] INFO  o.j.m.MicroAdversarialSearchApplication - Starting MicroAdversarialSearchApplication using Java 21.0.9 with PID 26071 (/home/javier/Repos/micro-adversarial-search/target/classes started by javier in /home/javier/Repos/micro-adversarial-search)
2025-12-09 15:48:19 [restartedMain] DEBUG o.j.m.MicroAdversarialSearchApplication - Running with Spring Boot v3.5.5, Spring v6.2.10
2025-12-09 15:48:19 [restartedMain] INFO  o.j.m.MicroAdversarialSearchApplication - No active profile set, falling back to 1 default profile: "default"
2025-12-09 15:48:21 [restartedMain] WARN  org.hibernate.orm.deprecation - HHH90000025: H2Dialect does not need to be specified explicitly using 'hibernate.dialect' (remove the property setting and it will be selected by default)
2025-12-09 15:48:22 [restartedMain] WARN  o.s.b.a.o.j.JpaBaseConfiguration$JpaWebConfiguration - spring.jpa.open-in-view is enabled by default. Therefore, database queries may be performed during view rendering. Explicitly configure spring.jpa.open-in-view to disable this warning
2025-12-09 15:48:22 [restartedMain] INFO  o.j.m.MicroAdversarialSearchApplication - Started MicroAdversarialSearchApplication in 3.97 seconds (process running for 4.465)
2025-12-09 15:48:39 [http-nio-8080-exec-1] DEBUG o.j.m.aspect.LoggerAspect - Propiedades mundo: Mundo{movimiento=Movimiento{tablero=[ 1, -1, 2, -1, 4, -1, 6, -1 ]
[ -1, 11, -1, 13, -1, 15, -1, 17 ]
[ 20, -1, 22, -1, 24, -1, 26, -1 ]
[ -1, 0, -1, 0, -1, 0, -1, 0 ]
[ 51, -1, 0, -1, 0, -1, 0, -1 ]
[ -1, 0, -1, 53, -1, 55, -1, 57 ]
[ 60, -1, 62, -1, 64, -1, 66, -1 ]
[ -1, 71, -1, 73, -1, 75, -1, 77 ]
, pos=Posición{fila=4, columna=0}}, juego='3enRaya', dificultad=2, profundidad=4, marca=1, turno=2, esMaquina=true}
2025-12-09 15:51:33 [restartedMain] INFO  o.j.m.MicroAdversarialSearchApplication - Starting MicroAdversarialSearchApplication using Java 21.0.9 with PID 27946 (/home/javier/Repos/micro-adversarial-search/target/classes started by javier in /home/javier/Repos/micro-adversarial-search)
2025-12-09 15:51:33 [restartedMain] DEBUG o.j.m.MicroAdversarialSearchApplication - Running with Spring Boot v3.5.5, Spring v6.2.10
2025-12-09 15:51:33 [restartedMain] INFO  o.j.m.MicroAdversarialSearchApplication - No active profile set, falling back to 1 default profile: "default"
2025-12-09 15:51:35 [restartedMain] WARN  org.hibernate.orm.deprecation - HHH90000025: H2Dialect does not need to be specified explicitly using 'hibernate.dialect' (remove the property setting and it will be selected by default)
2025-12-09 15:51:36 [restartedMain] WARN  o.s.b.a.o.j.JpaBaseConfiguration$JpaWebConfiguration - spring.jpa.open-in-view is enabled by default. Therefore, database queries may be performed during view rendering. Explicitly configure spring.jpa.open-in-view to disable this warning
2025-12-09 15:51:37 [restartedMain] INFO  o.j.m.MicroAdversarialSearchApplication - Started MicroAdversarialSearchApplication in 4.137 seconds (process running for 4.619)
2025-12-09 15:51:41 [http-nio-8080-exec-1] DEBUG o.j.m.aspect.LoggerAspect - Propiedades mundo: Mundo{movimiento=Movimiento{tablero=[ 1, -1, 2, -1, 4, -1, 6, -1 ]
[ -1, 11, -1, 13, -1, 15, -1, 17 ]
[ 20, -1, 22, -1, 24, -1, 26, -1 ]
[ -1, 0, -1, 0, -1, 0, -1, 0 ]
[ 51, -1, 0, -1, 0, -1, 0, -1 ]
[ -1, 0, -1, 53, -1, 55, -1, 57 ]
[ 60, -1, 62, -1, 64, -1, 66, -1 ]
[ -1, 71, -1, 73, -1, 75, -1, 77 ]
, pos=Posición{fila=4, columna=0}}, juego='damas', dificultad=2, profundidad=4, marca=1, turno=2, esMaquina=true}
2025-12-09 15:52:46 [restartedMain] INFO  o.j.m.MicroAdversarialSearchApplication - Starting MicroAdversarialSearchApplication using Java 21.0.9 with PID 29113 (/home/javier/Repos/micro-adversarial-search/target/classes started by javier in /home/javier/Repos/micro-adversarial-search)
2025-12-09 15:52:46 [restartedMain] DEBUG o.j.m.MicroAdversarialSearchApplication - Running with Spring Boot v3.5.5, Spring v6.2.10
2025-12-09 15:52:46 [restartedMain] INFO  o.j.m.MicroAdversarialSearchApplication - No active profile set, falling back to 1 default profile: "default"
2025-12-09 15:52:49 [restartedMain] WARN  org.hibernate.orm.deprecation - HHH90000025: H2Dialect does not need to be specified explicitly using 'hibernate.dialect' (remove the property setting and it will be selected by default)
2025-12-09 15:52:50 [restartedMain] WARN  o.s.b.a.o.j.JpaBaseConfiguration$JpaWebConfiguration - spring.jpa.open-in-view is enabled by default. Therefore, database queries may be performed during view rendering. Explicitly configure spring.jpa.open-in-view to disable this warning
2025-12-09 15:52:50 [restartedMain] INFO  o.j.m.MicroAdversarialSearchApplication - Started MicroAdversarialSearchApplication in 4.028 seconds (process running for 4.481)
2025-12-09 15:53:06 [http-nio-8080-exec-1] DEBUG o.j.m.aspect.LoggerAspect - Propiedades mundo: Mundo{movimiento=Movimiento{tablero=[ 1, 0, 0 ]
[ 0, 0, 0 ]
[ 0, 0, 0 ]
, pos=Posición{fila=0, columna=0}}, juego='3enRaya', dificultad=4, profundidad=9, marca=1, turno=2, esMaquina=true}
2025-12-09 15:53:09 [http-nio-8080-exec-2] DEBUG o.j.m.aspect.LoggerAspect - Propiedades mundo: Mundo{movimiento=Movimiento{tablero=[ 1, 0, 1 ]
[ 0, 2, 0 ]
[ 0, 0, 0 ]
, pos=Posición{fila=0, columna=2}}, juego='3enRaya', dificultad=4, profundidad=9, marca=1, turno=2, esMaquina=true}
2025-12-09 15:53:11 [http-nio-8080-exec-3] DEBUG o.j.m.aspect.LoggerAspect - Propiedades mundo: Mundo{movimiento=Movimiento{tablero=[ 1, 2, 1 ]
[ 0, 2, 0 ]
[ 0, 1, 0 ]
, pos=Posición{fila=2, columna=1}}, juego='3enRaya', dificultad=4, profundidad=9, marca=1, turno=2, esMaquina=true}
2025-12-09 15:53:14 [http-nio-8080-exec-4] DEBUG o.j.m.aspect.LoggerAspect - Propiedades mundo: Mundo{movimiento=Movimiento{tablero=[ 1, 2, 1 ]
[ 1, 2, 2 ]
[ 0, 1, 0 ]
, pos=Posición{fila=1, columna=0}}, juego='3enRaya', dificultad=4, profundidad=9, marca=1, turno=2, esMaquina=true}
2025-12-09 15:53:56 [http-nio-8080-exec-6] DEBUG o.j.m.aspect.LoggerAspect - Propiedades mundo: Mundo{movimiento=Movimiento{tablero=[ 1, -1, 2, -1, 4, -1, 6, -1 ]
[ -1, 11, -1, 13, -1, 15, -1, 17 ]
[ 20, -1, 22, -1, 24, -1, 26, -1 ]
[ -1, 0, -1, 0, -1, 0, -1, 0 ]
[ 51, -1, 0, -1, 0, -1, 0, -1 ]
[ -1, 0, -1, 53, -1, 55, -1, 57 ]
[ 60, -1, 62, -1, 64, -1, 66, -1 ]
[ -1, 71, -1, 73, -1, 75, -1, 77 ]
, pos=Posición{fila=4, columna=0}}, juego='damas', dificultad=4, profundidad=1, marca=1, turno=2, esMaquina=true}
2025-12-09 15:54:05 [http-nio-8080-exec-7] DEBUG o.j.m.aspect.LoggerAspect - Propiedades mundo: Mundo{movimiento=Movimiento{tablero=[ 1, -1, 2, -1, 4, -1, 6, -1 ]
[ -1, 11, -1, 13, -1, 15, -1, 17 ]
[ 20, -1, 22, -1, 24, -1, 0, -1 ]
[ -1, 0, -1, 0, -1, 0, -1, 26 ]
[ 51, -1, 53, -1, 0, -1, 0, -1 ]
[ -1, 0, -1, 0, -1, 55, -1, 57 ]
[ 60, -1, 62, -1, 64, -1, 66, -1 ]
[ -1, 71, -1, 73, -1, 75, -1, 77 ]
, pos=Posición{fila=4, columna=2}}, juego='damas', dificultad=4, profundidad=1, marca=1, turno=2, esMaquina=true}
2025-12-09 15:54:12 [http-nio-8080-exec-8] DEBUG o.j.m.aspect.LoggerAspect - Propiedades mundo: Mundo{movimiento=Movimiento{tablero=[ 1, -1, 2, -1, 4, -1, 6, -1 ]
[ -1, 11, -1, 13, -1, 15, -1, 17 ]
[ 20, -1, 22, -1, 53, -1, 0, -1 ]
[ -1, 0, -1, 0, -1, 0, -1, 26 ]
[ 51, -1, 0, -1, 0, -1, 0, -1 ]
[ -1, 0, -1, 0, -1, 55, -1, 57 ]
[ 60, -1, 62, -1, 64, -1, 66, -1 ]
[ -1, 71, -1, 73, -1, 75, -1, 77 ]
, pos=Posición{fila=2, columna=4}}, juego='damas', dificultad=4, profundidad=1, marca=1, turno=2, esMaquina=true}
2025-12-09 16:01:10 [http-nio-8080-exec-1] DEBUG o.j.m.aspect.LoggerAspect - Propiedades mundo: Mundo{movimiento=Movimiento{tablero=[ 1, -1, 2, -1, 4, -1, 6, -1 ]
[ -1, 11, -1, 13, -1, 15, -1, 17 ]
[ 20, -1, 22, -1, 24, -1, 26, -1 ]
[ -1, 0, -1, 0, -1, 0, -1, 0 ]
[ 51, -1, 0, -1, 0, -1, 0, -1 ]
[ -1, 0, -1, 53, -1, 55, -1, 57 ]
[ 60, -1, 62, -1, 64, -1, 66, -1 ]
[ -1, 71, -1, 73, -1, 75, -1, 77 ]
, pos=Posición{fila=4, columna=0}}, juego='damas', dificultad=4, profundidad=1, marca=1, turno=2, esMaquina=true}
2025-12-09 16:01:14 [http-nio-8080-exec-2] DEBUG o.j.m.aspect.LoggerAspect - Propiedades mundo: Mundo{movimiento=Movimiento{tablero=[ 1, -1, 2, -1, 4, -1, 6, -1 ]
[ -1, 11, -1, 13, -1, 15, -1, 17 ]
[ 20, -1, 22, -1, 24, -1, 0, -1 ]
[ -1, 0, -1, 0, -1, 0, -1, 26 ]
[ 51, -1, 53, -1, 0, -1, 0, -1 ]
[ -1, 0, -1, 0, -1, 55, -1, 57 ]
[ 60, -1, 62, -1, 64, -1, 66, -1 ]
[ -1, 71, -1, 73, -1, 75, -1, 77 ]
, pos=Posición{fila=4, columna=2}}, juego='damas', dificultad=4, profundidad=1, marca=1, turno=2, esMaquina=true}
2025-12-09 16:01:16 [http-nio-8080-exec-3] DEBUG o.j.m.aspect.LoggerAspect - Propiedades mundo: Mundo{movimiento=Movimiento{tablero=[ 1, -1, 2, -1, 4, -1, 6, -1 ]
[ -1, 11, -1, 13, -1, 15, -1, 17 ]
[ 53, -1, 22, -1, 24, -1, 0, -1 ]
[ -1, 0, -1, 0, -1, 0, -1, 26 ]
[ 51, -1, 0, -1, 0, -1, 0, -1 ]
[ -1, 0, -1, 0, -1, 55, -1, 57 ]
[ 60, -1, 62, -1, 64, -1, 66, -1 ]
[ -1, 71, -1, 73, -1, 75, -1, 77 ]
, pos=Posición{fila=2, columna=0}}, juego='damas', dificultad=4, profundidad=1, marca=1, turno=2, esMaquina=true}
2025-12-09 16:01:33 [http-nio-8080-exec-4] DEBUG o.j.m.aspect.LoggerAspect - Propiedades mundo: Mundo{movimiento=Movimiento{tablero=[ 1, -1, 2, -1, 4, -1, 6, -1 ]
[ -1, 11, -1, 13, -1, 15, -1, 17 ]
[ 53, -1, 22, -1, 0, -1, 0, -1 ]
[ -1, 0, -1, 0, -1, 24, -1, 26 ]
[ 51, -1, 0, -1, 55, -1, 0, -1 ]
[ -1, 0, -1, 0, -1, 0, -1, 57 ]
[ 60, -1, 62, -1, 64, -1, 66, -1 ]
[ -1, 71, -1, 73, -1, 75, -1, 77 ]
, pos=Posición{fila=4, columna=4}}, juego='damas', dificultad=4, profundidad=1, marca=1, turno=2, esMaquina=true}
2025-12-09 16:01:36 [http-nio-8080-exec-5] DEBUG o.j.m.aspect.LoggerAspect - Propiedades mundo: Mundo{movimiento=Movimiento{tablero=[ 1, -1, 2, -1, 4, -1, 6, -1 ]
[ -1, 11, -1, 13, -1, 15, -1, 17 ]
[ 53, -1, 22, -1, 0, -1, 0, -1 ]
[ -1, 0, -1, 0, -1, 0, -1, 26 ]
[ 51, -1, 0, -1, 62, -1, 0, -1 ]
[ -1, 0, -1, 0, -1, 0, -1, 57 ]
[ 60, -1, 0, -1, 64, -1, 66, -1 ]
[ -1, 71, -1, 73, -1, 75, -1, 77 ]
, pos=Posición{fila=4, columna=4}}, juego='damas', dificultad=4, profundidad=1, marca=1, turno=2, esMaquina=true}
2025-12-09 16:01:52 [http-nio-8080-exec-6] DEBUG o.j.m.aspect.LoggerAspect - Propiedades mundo: Mundo{movimiento=Movimiento{tablero=[ 1, -1, 2, -1, 4, -1, 6, -1 ]
[ -1, 11, -1, 13, -1, 0, -1, 17 ]
[ 53, -1, 22, -1, 0, -1, 15, -1 ]
[ -1, 0, -1, 0, -1, 0, -1, 26 ]
[ 51, -1, 0, -1, 62, -1, 57, -1 ]
[ -1, 0, -1, 0, -1, 0, -1, 0 ]
[ 60, -1, 0, -1, 64, -1, 66, -1 ]
[ -1, 71, -1, 73, -1, 75, -1, 77 ]
, pos=Posición{fila=4, columna=6}}, juego='damas', dificultad=4, profundidad=1, marca=1, turno=2, esMaquina=true}
2025-12-09 16:01:55 [http-nio-8080-exec-7] DEBUG o.j.m.aspect.LoggerAspect - Propiedades mundo: Mundo{movimiento=Movimiento{tablero=[ 1, -1, 2, -1, 4, -1, 6, -1 ]
[ -1, 11, -1, 13, -1, 0, -1, 17 ]
[ 53, -1, 22, -1, 0, -1, 15, -1 ]
[ -1, 0, -1, 0, -1, 0, -1, 0 ]
[ 51, -1, 0, -1, 62, -1, 64, -1 ]
[ -1, 0, -1, 0, -1, 0, -1, 0 ]
[ 60, -1, 0, -1, 0, -1, 66, -1 ]
[ -1, 71, -1, 73, -1, 75, -1, 77 ]
, pos=Posición{fila=4, columna=6}}, juego='damas', dificultad=4, profundidad=1, marca=1, turno=2, esMaquina=true}
2025-12-09 16:02:03 [http-nio-8080-exec-8] DEBUG o.j.m.aspect.LoggerAspect - Propiedades mundo: Mundo{movimiento=Movimiento{tablero=[ 1, -1, 2, -1, 4, -1, 6, -1 ]
[ -1, 11, -1, 13, -1, 0, -1, 17 ]
[ 53, -1, 22, -1, 64, -1, 0, -1 ]
[ -1, 0, -1, 0, -1, 0, -1, 0 ]
[ 51, -1, 0, -1, 62, -1, 0, -1 ]
[ -1, 0, -1, 0, -1, 0, -1, 0 ]
[ 60, -1, 0, -1, 0, -1, 66, -1 ]
[ -1, 71, -1, 73, -1, 75, -1, 77 ]
, pos=Posición{fila=2, columna=4}}, juego='damas', dificultad=4, profundidad=1, marca=1, turno=2, esMaquina=true}
2025-12-09 16:02:17 [http-nio-8080-exec-10] DEBUG o.j.m.aspect.LoggerAspect - Propiedades mundo: Mundo{movimiento=Movimiento{tablero=[ 1, -1, 2, -1, 4, -1, 6, -1 ]
[ -1, 11, -1, 0, -1, 0, -1, 17 ]
[ 53, -1, 22, -1, 0, -1, 0, -1 ]
[ -1, 0, -1, 0, -1, 0, -1, 0 ]
[ 51, -1, 0, -1, 0, -1, 0, -1 ]
[ -1, 0, -1, 13, -1, 0, -1, 0 ]
[ 60, -1, 73, -1, 0, -1, 66, -1 ]
[ -1, 71, -1, 0, -1, 75, -1, 77 ]
, pos=Posición{fila=6, columna=2}}, juego='damas', dificultad=4, profundidad=1, marca=1, turno=2, esMaquina=true}
2025-12-09 16:02:35 [http-nio-8080-exec-1] DEBUG o.j.m.aspect.LoggerAspect - Propiedades mundo: Mundo{movimiento=Movimiento{tablero=[ 1, -1, 2, -1, 4, -1, 6, -1 ]
[ -1, 11, -1, 0, -1, 0, -1, 17 ]
[ 53, -1, 0, -1, 0, -1, 0, -1 ]
[ -1, 22, -1, 0, -1, 0, -1, 0 ]
[ 51, -1, 0, -1, 73, -1, 0, -1 ]
[ -1, 0, -1, 0, -1, 0, -1, 0 ]
[ 60, -1, 0, -1, 0, -1, 66, -1 ]
[ -1, 71, -1, 0, -1, 75, -1, 77 ]
, pos=Posición{fila=4, columna=4}}, juego='damas', dificultad=4, profundidad=1, marca=1, turno=2, esMaquina=true}
2025-12-09 16:02:42 [http-nio-8080-exec-2] DEBUG o.j.m.aspect.LoggerAspect - Propiedades mundo: Mundo{movimiento=Movimiento{tablero=[ 1, -1, 2, -1, 4, -1, 0, -1 ]
[ -1, 11, -1, 0, -1, 6, -1, 17 ]
[ 53, -1, 51, -1, 0, -1, 0, -1 ]
[ -1, 0, -1, 0, -1, 0, -1, 0 ]
[ 0, -1, 0, -1, 73, -1, 0, -1 ]
[ -1, 0, -1, 0, -1, 0, -1, 0 ]
[ 60, -1, 0, -1, 0, -1, 66, -1 ]
[ -1, 71, -1, 0, -1, 75, -1, 77 ]
, pos=Posición{fila=2, columna=2}}, juego='damas', dificultad=4, profundidad=1, marca=1, turno=2, esMaquina=true}
2025-12-09 16:02:46 [http-nio-8080-exec-3] DEBUG o.j.m.aspect.LoggerAspect - Propiedades mundo: Mundo{movimiento=Movimiento{tablero=[ 1, -1, 2, -1, 4, -1, 0, -1 ]
[ -1, 0, -1, 0, -1, 6, -1, 17 ]
[ 53, -1, 0, -1, 0, -1, 0, -1 ]
[ -1, 0, -1, 0, -1, 0, -1, 0 ]
[ 0, -1, 0, -1, 66, -1, 0, -1 ]
[ -1, 0, -1, 0, -1, 0, -1, 0 ]
[ 60, -1, 0, -1, 0, -1, 0, -1 ]
[ -1, 71, -1, 0, -1, 75, -1, 77 ]
, pos=Posición{fila=4, columna=4}}, juego='damas', dificultad=4, profundidad=1, marca=1, turno=2, esMaquina=true}
2025-12-09 16:02:57 [http-nio-8080-exec-6] DEBUG o.j.m.aspect.LoggerAspect - Propiedades mundo: Mundo{movimiento=Movimiento{tablero=[ 1, -1, 0, -1, 4, -1, 0, -1 ]
[ -1, 0, -1, 2, -1, 6, -1, 17 ]
[ 53, -1, 0, -1, 0, -1, 0, -1 ]
[ -1, 0, -1, 0, -1, 0, -1, 0 ]
[ 0, -1, 0, -1, 66, -1, 0, -1 ]
[ -1, 0, -1, 0, -1, 0, -1, 0 ]
[ 60, -1, 0, -1, 0, -1, 77, -1 ]
[ -1, 71, -1, 0, -1, 75, -1, 0 ]
, pos=Posición{fila=6, columna=6}}, juego='damas', dificultad=4, profundidad=1, marca=1, turno=2, esMaquina=true}
2025-12-09 16:03:00 [http-nio-8080-exec-7] DEBUG o.j.m.aspect.LoggerAspect - Propiedades mundo: Mundo{movimiento=Movimiento{tablero=[ 1, -1, 0, -1, 4, -1, 0, -1 ]
[ -1, 0, -1, 0, -1, 6, -1, 17 ]
[ 53, -1, 2, -1, 0, -1, 0, -1 ]
[ -1, 0, -1, 0, -1, 0, -1, 0 ]
[ 0, -1, 0, -1, 66, -1, 0, -1 ]
[ -1, 60, -1, 0, -1, 0, -1, 0 ]
[ 0, -1, 0, -1, 0, -1, 77, -1 ]
[ -1, 71, -1, 0, -1, 75, -1, 0 ]
, pos=Posición{fila=5, columna=1}}, juego='damas', dificultad=4, profundidad=1, marca=1, turno=2, esMaquina=true}
2025-12-09 16:03:04 [http-nio-8080-exec-8] DEBUG o.j.m.aspect.LoggerAspect - Propiedades mundo: Mundo{movimiento=Movimiento{tablero=[ 1, -1, 0, -1, 0, -1, 0, -1 ]
[ -1, 0, -1, 4, -1, 6, -1, 17 ]
[ 53, -1, 2, -1, 0, -1, 0, -1 ]
[ -1, 0, -1, 0, -1, 0, -1, 0 ]
[ 60, -1, 0, -1, 66, -1, 0, -1 ]
[ -1, 0, -1, 0, -1, 0, -1, 0 ]
[ 0, -1, 0, -1, 0, -1, 77, -1 ]
[ -1, 71, -1, 0, -1, 75, -1, 0 ]
, pos=Posición{fila=4, columna=0}}, juego='damas', dificultad=4, profundidad=1, marca=1, turno=2, esMaquina=true}
2025-12-09 16:03:14 [http-nio-8080-exec-4] DEBUG o.j.m.aspect.LoggerAspect - Propiedades mundo: Mundo{movimiento=Movimiento{tablero=[ 1, -1, 0, -1, 0, -1, 0, -1 ]
[ -1, 0, -1, 0, -1, 0, -1, 17 ]
[ 53, -1, 0, -1, 0, -1, 160, -1 ]
[ -1, 0, -1, 0, -1, 0, -1, 0 ]
[ 0, -1, 0, -1, 66, -1, 0, -1 ]
[ -1, 0, -1, 0, -1, 0, -1, 0 ]
[ 0, -1, 0, -1, 0, -1, 77, -1 ]
[ -1, 71, -1, 0, -1, 75, -1, 0 ]
, pos=Posición{fila=2, columna=6}}, juego='damas', dificultad=4, profundidad=1, marca=1, turno=2, esMaquina=true}
2025-12-09 16:03:42 [http-nio-8080-exec-5] DEBUG o.j.m.aspect.LoggerAspect - Propiedades mundo: Mundo{movimiento=Movimiento{tablero=[ 1, -1, 0, -1, 0, -1, 0, -1 ]
[ -1, 0, -1, 0, -1, 0, -1, 0 ]
[ 53, -1, 0, -1, 0, -1, 0, -1 ]
[ -1, 0, -1, 0, -1, 0, -1, 0 ]
[ 0, -1, 0, -1, 0, -1, 0, -1 ]
[ -1, 0, -1, 17, -1, 77, -1, 0 ]
[ 0, -1, 0, -1, 0, -1, 0, -1 ]
[ -1, 71, -1, 0, -1, 75, -1, 0 ]
, pos=Posición{fila=5, columna=5}}, juego='damas', dificultad=4, profundidad=1, marca=1, turno=2, esMaquina=true}
2025-12-09 16:03:44 [http-nio-8080-exec-6] DEBUG o.j.m.aspect.LoggerAspect - Propiedades mundo: Mundo{movimiento=Movimiento{tablero=[ 1, -1, 0, -1, 0, -1, 0, -1 ]
[ -1, 0, -1, 0, -1, 0, -1, 0 ]
[ 53, -1, 0, -1, 0, -1, 0, -1 ]
[ -1, 0, -1, 0, -1, 0, -1, 0 ]
[ 0, -1, 0, -1, 0, -1, 0, -1 ]
[ -1, 0, -1, 75, -1, 77, -1, 0 ]
[ 0, -1, 0, -1, 0, -1, 0, -1 ]
[ -1, 71, -1, 0, -1, 0, -1, 0 ]
, pos=Posición{fila=5, columna=3}}, juego='damas', dificultad=4, profundidad=1, marca=1, turno=2, esMaquina=true}
2025-12-09 16:08:12 [http-nio-8080-exec-9] DEBUG o.j.m.aspect.LoggerAspect - Propiedades mundo: Mundo{movimiento=Movimiento{tablero=[ 1, -1, 2, -1, 4, -1, 6, -1 ]
[ -1, 11, -1, 13, -1, 15, -1, 17 ]
[ 20, -1, 22, -1, 24, -1, 26, -1 ]
[ -1, 0, -1, 0, -1, 0, -1, 0 ]
[ 51, -1, 0, -1, 0, -1, 0, -1 ]
[ -1, 0, -1, 53, -1, 55, -1, 57 ]
[ 60, -1, 62, -1, 64, -1, 66, -1 ]
[ -1, 71, -1, 73, -1, 75, -1, 77 ]
, pos=Posición{fila=4, columna=0}}, juego='damas', dificultad=3, profundidad=5, marca=1, turno=2, esMaquina=true}
2025-12-09 16:08:31 [http-nio-8080-exec-10] DEBUG o.j.m.aspect.LoggerAspect - Propiedades mundo: Mundo{movimiento=Movimiento{tablero=[ 1, -1, 2, -1, 4, -1, 6, -1 ]
[ -1, 11, -1, 13, -1, 15, -1, 17 ]
[ 20, -1, 22, -1, 0, -1, 26, -1 ]
[ -1, 0, -1, 24, -1, 0, -1, 0 ]
[ 51, -1, 0, -1, 53, -1, 0, -1 ]
[ -1, 0, -1, 0, -1, 55, -1, 57 ]
[ 60, -1, 62, -1, 64, -1, 66, -1 ]
[ -1, 71, -1, 73, -1, 75, -1, 77 ]
, pos=Posición{fila=4, columna=4}}, juego='damas', dificultad=3, profundidad=5, marca=1, turno=2, esMaquina=true}
2025-12-09 16:08:36 [http-nio-8080-exec-1] DEBUG o.j.m.aspect.LoggerAspect - Propiedades mundo: Mundo{movimiento=Movimiento{tablero=[ 1, -1, 2, -1, 4, -1, 6, -1 ]
[ -1, 11, -1, 13, -1, 15, -1, 17 ]
[ 20, -1, 22, -1, 0, -1, 53, -1 ]
[ -1, 0, -1, 24, -1, 0, -1, 0 ]
[ 51, -1, 0, -1, 0, -1, 0, -1 ]
[ -1, 0, -1, 0, -1, 55, -1, 57 ]
[ 60, -1, 62, -1, 64, -1, 66, -1 ]
[ -1, 71, -1, 73, -1, 75, -1, 77 ]
, pos=Posición{fila=2, columna=6}}, juego='damas', dificultad=3, profundidad=5, marca=1, turno=2, esMaquina=true}
2025-12-09 16:08:44 [http-nio-8080-exec-2] DEBUG o.j.m.aspect.LoggerAspect - Propiedades mundo: Mundo{movimiento=Movimiento{tablero=[ 1, -1, 2, -1, 4, -1, 6, -1 ]
[ -1, 11, -1, 13, -1, 0, -1, 17 ]
[ 20, -1, 22, -1, 0, -1, 0, -1 ]
[ -1, 0, -1, 24, -1, 0, -1, 15 ]
[ 51, -1, 0, -1, 0, -1, 57, -1 ]
[ -1, 0, -1, 0, -1, 55, -1, 0 ]
[ 60, -1, 62, -1, 64, -1, 66, -1 ]
[ -1, 71, -1, 73, -1, 75, -1, 77 ]
, pos=Posición{fila=4, columna=6}}, juego='damas', dificultad=3, profundidad=5, marca=1, turno=2, esMaquina=true}
2025-12-09 16:09:02 [http-nio-8080-exec-4] DEBUG o.j.m.aspect.LoggerAspect - Propiedades mundo: Mundo{movimiento=Movimiento{tablero=[ 1, -1, 2, -1, 4, -1, 0, -1 ]
[ -1, 11, -1, 13, -1, 6, -1, 17 ]
[ 20, -1, 22, -1, 0, -1, 0, -1 ]
[ -1, 0, -1, 24, -1, 0, -1, 15 ]
[ 51, -1, 0, -1, 0, -1, 57, -1 ]
[ -1, 0, -1, 0, -1, 55, -1, 66 ]
[ 60, -1, 62, -1, 64, -1, 0, -1 ]
[ -1, 71, -1, 73, -1, 75, -1, 77 ]
, pos=Posición{fila=5, columna=7}}, juego='damas', dificultad=3, profundidad=5, marca=1, turno=2, esMaquina=true}
2025-12-09 16:25:53 [http-nio-8080-exec-6] DEBUG o.j.m.aspect.LoggerAspect - Propiedades mundo: Mundo{movimiento=Movimiento{tablero=[ 1, -1, 2, -1, 4, -1, 6, -1 ]
[ -1, 11, -1, 13, -1, 15, -1, 17 ]
[ 20, -1, 22, -1, 24, -1, 26, -1 ]
[ -1, 0, -1, 0, -1, 0, -1, 0 ]
[ 51, -1, 0, -1, 0, -1, 0, -1 ]
[ -1, 0, -1, 53, -1, 55, -1, 57 ]
[ 60, -1, 62, -1, 64, -1, 66, -1 ]
[ -1, 71, -1, 73, -1, 75, -1, 77 ]
, pos=Posición{fila=4, columna=0}}, juego='damas', dificultad=3, profundidad=5, marca=1, turno=2, esMaquina=true}
2025-12-09 16:26:02 [http-nio-8080-exec-7] DEBUG o.j.m.aspect.LoggerAspect - Propiedades mundo: Mundo{movimiento=Movimiento{tablero=[ 1, -1, 2, -1, 4, -1, 6, -1 ]
[ -1, 11, -1, 13, -1, 15, -1, 17 ]
[ 20, -1, 22, -1, 24, -1, 26, -1 ]
[ -1, 0, -1, 0, -1, 0, -1, 0 ]
[ 51, -1, 0, -1, 0, -1, 0, -1 ]
[ -1, 0, -1, 53, -1, 55, -1, 57 ]
[ 60, -1, 62, -1, 64, -1, 66, -1 ]
[ -1, 71, -1, 73, -1, 75, -1, 77 ]
, pos=Posición{fila=4, columna=0}}, juego='damas', dificultad=2, profundidad=4, marca=1, turno=2, esMaquina=true}
2025-12-09 16:26:08 [http-nio-8080-exec-8] DEBUG o.j.m.aspect.LoggerAspect - Propiedades mundo: Mundo{movimiento=Movimiento{tablero=[ 1, -1, 2, -1, 4, -1, 6, -1 ]
[ -1, 11, -1, 13, -1, 15, -1, 17 ]
[ 20, -1, 51, -1, 24, -1, 26, -1 ]
[ -1, 0, -1, 0, -1, 0, -1, 0 ]
[ 0, -1, 0, -1, 0, -1, 0, -1 ]
[ -1, 0, -1, 53, -1, 55, -1, 57 ]
[ 60, -1, 62, -1, 64, -1, 66, -1 ]
[ -1, 71, -1, 73, -1, 75, -1, 77 ]
, pos=Posición{fila=2, columna=2}}, juego='damas', dificultad=2, profundidad=4, marca=1, turno=2, esMaquina=true}
2025-12-09 16:26:19 [http-nio-8080-exec-2] DEBUG o.j.m.aspect.LoggerAspect - Propiedades mundo: Mundo{movimiento=Movimiento{tablero=[ 1, -1, 2, -1, 4, -1, 6, -1 ]
[ -1, 11, -1, 0, -1, 15, -1, 17 ]
[ 20, -1, 0, -1, 24, -1, 26, -1 ]
[ -1, 13, -1, 0, -1, 0, -1, 0 ]
[ 0, -1, 53, -1, 0, -1, 0, -1 ]
[ -1, 0, -1, 0, -1, 55, -1, 57 ]
[ 60, -1, 62, -1, 64, -1, 66, -1 ]
[ -1, 71, -1, 73, -1, 75, -1, 77 ]
, pos=Posición{fila=4, columna=2}}, juego='damas', dificultad=2, profundidad=4, marca=1, turno=2, esMaquina=true}
2025-12-09 16:26:30 [http-nio-8080-exec-3] DEBUG o.j.m.aspect.LoggerAspect - Propiedades mundo: Mundo{movimiento=Movimiento{tablero=[ 1, -1, 2, -1, 4, -1, 6, -1 ]
[ -1, 11, -1, 0, -1, 15, -1, 17 ]
[ 20, -1, 0, -1, 24, -1, 26, -1 ]
[ -1, 0, -1, 0, -1, 0, -1, 0 ]
[ 0, -1, 64, -1, 0, -1, 0, -1 ]
[ -1, 0, -1, 0, -1, 55, -1, 57 ]
[ 60, -1, 62, -1, 0, -1, 66, -1 ]
[ -1, 71, -1, 73, -1, 75, -1, 77 ]
, pos=Posición{fila=4, columna=2}}, juego='damas', dificultad=2, profundidad=4, marca=1, turno=2, esMaquina=true}
2025-12-09 16:26:43 [http-nio-8080-exec-4] DEBUG o.j.m.aspect.LoggerAspect - Propiedades mundo: Mundo{movimiento=Movimiento{tablero=[ 1, -1, 2, -1, 4, -1, 6, -1 ]
[ -1, 11, -1, 0, -1, 15, -1, 17 ]
[ 20, -1, 0, -1, 64, -1, 26, -1 ]
[ -1, 0, -1, 0, -1, 0, -1, 0 ]
[ 0, -1, 0, -1, 0, -1, 0, -1 ]
[ -1, 0, -1, 0, -1, 55, -1, 57 ]
[ 60, -1, 62, -1, 0, -1, 66, -1 ]
[ -1, 71, -1, 73, -1, 75, -1, 77 ]
, pos=Posición{fila=2, columna=4}}, juego='damas', dificultad=2, profundidad=4, marca=1, turno=2, esMaquina=true}
2025-12-09 16:40:21 [http-nio-8080-exec-7] DEBUG o.j.m.aspect.LoggerAspect - Propiedades mundo: Mundo{movimiento=Movimiento{tablero=[ 1, -1, 2, -1, 4, -1, 6, -1 ]
[ -1, 11, -1, 13, -1, 15, -1, 17 ]
[ 20, -1, 22, -1, 24, -1, 26, -1 ]
[ -1, 0, -1, 0, -1, 0, -1, 0 ]
[ 51, -1, 0, -1, 0, -1, 0, -1 ]
[ -1, 0, -1, 53, -1, 55, -1, 57 ]
[ 60, -1, 62, -1, 64, -1, 66, -1 ]
[ -1, 71, -1, 73, -1, 75, -1, 77 ]
, pos=Posición{fila=4, columna=0}}, juego='damas', dificultad=2, profundidad=4, marca=1, turno=2, esMaquina=true}
2025-12-09 16:40:27 [http-nio-8080-exec-8] DEBUG o.j.m.aspect.LoggerAspect - Propiedades mundo: Mundo{movimiento=Movimiento{tablero=[ 1, -1, 2, -1, 4, -1, 6, -1 ]
[ -1, 11, -1, 13, -1, 15, -1, 17 ]
[ 20, -1, 51, -1, 24, -1, 26, -1 ]
[ -1, 0, -1, 0, -1, 0, -1, 0 ]
[ 0, -1, 0, -1, 0, -1, 0, -1 ]
[ -1, 0, -1, 53, -1, 55, -1, 57 ]
[ 60, -1, 62, -1, 64, -1, 66, -1 ]
[ -1, 71, -1, 73, -1, 75, -1, 77 ]
, pos=Posición{fila=2, columna=2}}, juego='damas', dificultad=2, profundidad=4, marca=1, turno=2, esMaquina=true}
2025-12-09 16:40:39 [http-nio-8080-exec-1] DEBUG o.j.m.aspect.LoggerAspect - Propiedades mundo: Mundo{movimiento=Movimiento{tablero=[ 1, -1, 2, -1, 4, -1, 6, -1 ]
[ -1, 11, -1, 0, -1, 15, -1, 17 ]
[ 20, -1, 0, -1, 24, -1, 26, -1 ]
[ -1, 13, -1, 0, -1, 0, -1, 0 ]
[ 0, -1, 53, -1, 0, -1, 0, -1 ]
[ -1, 0, -1, 0, -1, 55, -1, 57 ]
[ 60, -1, 62, -1, 64, -1, 66, -1 ]
[ -1, 71, -1, 73, -1, 75, -1, 77 ]
, pos=Posición{fila=4, columna=2}}, juego='damas', dificultad=2, profundidad=4, marca=1, turno=2, esMaquina=true}
2025-12-09 16:41:52 [http-nio-8080-exec-3] DEBUG o.j.m.aspect.LoggerAspect - Propiedades mundo: Mundo{movimiento=Movimiento{tablero=[ 1, -1, 2, -1, 4, -1, 6, -1 ]
[ -1, 11, -1, 0, -1, 15, -1, 17 ]
[ 20, -1, 0, -1, 24, -1, 26, -1 ]
[ -1, 0, -1, 0, -1, 0, -1, 0 ]
[ 0, -1, 64, -1, 0, -1, 0, -1 ]
[ -1, 0, -1, 0, -1, 55, -1, 57 ]
[ 60, -1, 62, -1, 0, -1, 66, -1 ]
[ -1, 71, -1, 73, -1, 75, -1, 77 ]
, pos=Posición{fila=4, columna=2}}, juego='damas', dificultad=2, profundidad=4, marca=1, turno=2, esMaquina=true}
2025-12-09 16:41:58 [http-nio-8080-exec-4] DEBUG o.j.m.aspect.LoggerAspect - Propiedades mundo: Mundo{movimiento=Movimiento{tablero=[ 1, -1, 2, -1, 4, -1, 6, -1 ]
[ -1, 11, -1, 0, -1, 15, -1, 17 ]
[ 20, -1, 0, -1, 64, -1, 26, -1 ]
[ -1, 0, -1, 0, -1, 0, -1, 0 ]
[ 0, -1, 0, -1, 0, -1, 0, -1 ]
[ -1, 0, -1, 0, -1, 55, -1, 57 ]
[ 60, -1, 62, -1, 0, -1, 66, -1 ]
[ -1, 71, -1, 73, -1, 75, -1, 77 ]
, pos=Posición{fila=2, columna=4}}, juego='damas', dificultad=2, profundidad=4, marca=1, turno=2, esMaquina=true}
2025-12-09 16:42:01 [http-nio-8080-exec-5] DEBUG o.j.m.aspect.LoggerAspect - Propiedades mundo: Mundo{movimiento=Movimiento{tablero=[ 1, -1, 2, -1, 4, -1, 6, -1 ]
[ -1, 11, -1, 0, -1, 0, -1, 17 ]
[ 20, -1, 0, -1, 0, -1, 26, -1 ]
[ -1, 0, -1, 15, -1, 0, -1, 0 ]
[ 0, -1, 0, -1, 0, -1, 55, -1 ]
[ -1, 0, -1, 0, -1, 0, -1, 57 ]
[ 60, -1, 62, -1, 0, -1, 66, -1 ]
[ -1, 71, -1, 73, -1, 75, -1, 77 ]
, pos=Posición{fila=4, columna=6}}, juego='damas', dificultad=2, profundidad=4, marca=1, turno=2, esMaquina=true}
2025-12-09 16:42:13 [http-nio-8080-exec-8] DEBUG o.j.m.aspect.LoggerAspect - Propiedades mundo: Mundo{movimiento=Movimiento{tablero=[ 1, -1, 2, -1, 0, -1, 6, -1 ]
[ -1, 11, -1, 4, -1, 0, -1, 17 ]
[ 20, -1, 0, -1, 0, -1, 26, -1 ]
[ -1, 0, -1, 15, -1, 0, -1, 0 ]
[ 0, -1, 0, -1, 0, -1, 55, -1 ]
[ -1, 62, -1, 0, -1, 0, -1, 57 ]
[ 60, -1, 0, -1, 0, -1, 66, -1 ]
[ -1, 71, -1, 73, -1, 75, -1, 77 ]
, pos=Posición{fila=5, columna=1}}, juego='damas', dificultad=2, profundidad=4, marca=1, turno=2, esMaquina=true}
2025-12-09 16:43:15 [http-nio-8080-exec-1] DEBUG o.j.m.aspect.LoggerAspect - Propiedades mundo: Mundo{movimiento=Movimiento{tablero=[ 0, 0, 0 ]
[ 0, 1, 0 ]
[ 0, 0, 0 ]
, pos=Posición{fila=1, columna=1}}, juego='3enRaya', dificultad=2, profundidad=9, marca=1, turno=2, esMaquina=true}
